Performing system checks...

System check identified no issues (0 silenced).
May 12, 2017 - 02:49:50
Django version 1.10.6, using settings 'tutorial.settings'
Starting development server at http://0.0.0.0:8000/
Quit the server with CONTROL-C.
[12/May/2017 02:55:42] "GET /users/ HTTP/1.1" 200 11119
[12/May/2017 02:56:26] "GET /users/ HTTP/1.1" 200 11119
[12/May/2017 03:07:02] "GET / HTTP/1.1" 200 5326
[12/May/2017 03:07:05] "GET /api-auth/logout/?next=/ HTTP/1.1" 302 0
[12/May/2017 03:07:05] "GET / HTTP/1.1" 403 4581
[12/May/2017 03:07:13] "GET / HTTP/1.1" 403 4581
[12/May/2017 03:07:18] "GET /users/ HTTP/1.1" 403 4716
Error: That port is already in use.
Error: That port is already in use.
[12/May/2017 05:05:47] "GET / HTTP/1.1" 403 4581
[12/May/2017 05:34:45] "GET / HTTP/1.1" 403 4581
[12/May/2017 05:34:46] "GET / HTTP/1.1" 403 4581
[12/May/2017 05:34:47] "GET / HTTP/1.1" 403 4581
[12/May/2017 05:34:48] "GET / HTTP/1.1" 403 4581
[12/May/2017 05:37:07] "GET / HTTP/1.1" 403 4581
[12/May/2017 05:37:14] "GET /users/ HTTP/1.1" 403 4716
[12/May/2017 05:37:31] "GET /users/?format=json HTTP/1.1" 403 58
[12/May/2017 05:38:02] "GET /users/ HTTP/1.1" 403 4716
[12/May/2017 05:38:04] "GET /api-auth/login/?next=/users/ HTTP/1.1" 200 2700
[12/May/2017 05:38:06] "POST /api-auth/login/ HTTP/1.1" 302 0
[12/May/2017 05:38:06] "GET /users/ HTTP/1.1" 200 11119
[12/May/2017 05:38:13] "GET /users/?format=json HTTP/1.1" 200 546
[12/May/2017 05:38:32] "GET /users/ HTTP/1.1" 200 11119
[12/May/2017 05:38:35] "GET /api-auth/login/?next=/users/ HTTP/1.1" 200 2700
[12/May/2017 05:39:11] "GET /api-auth/logout/?next=/users/ HTTP/1.1" 302 0
[12/May/2017 05:39:11] "GET /users/ HTTP/1.1" 403 4716
Performing system checks...

System check identified no issues (0 silenced).
May 12, 2017 - 05:05:05
Django version 1.10.6, using settings 'tutorial.settings'
Starting development server at http://0.0.0.0:8000/
Quit the server with CONTROL-C.
[12/May/2017 13:47:58] "GET /users/ HTTP/1.1" 403 4716
[12/May/2017 14:01:18] "GET /users/ HTTP/1.1" 403 58
[12/May/2017 14:01:33] "GET /users/ HTTP/1.1" 200 486
[12/May/2017 14:02:11] "GET /users/ HTTP/1.1" 200 486
[12/May/2017 14:02:16] "POST /users/ HTTP/1.1" 400 40
[12/May/2017 14:02:23] "POST /users/ HTTP/1.1" 400 40
